<?xml version="1.0" encoding="UTF-8"?>
<!-- Generated by org.testng.reporters.JUnitReportReporter -->
<testsuite hostname="DESKTOP-LAQU100" failures="0" tests="1" name="TestCases.VerifyLoginTestCases" time="7.341" errors="0" timestamp="2022-08-31T07:05:34 IST" skipped="0">
  <testcase classname="TestCases.VerifyLoginTestCases" name="login" time="7.341"/>
  <system-out/>
</testsuite> <!-- TestCases.VerifyLoginTestCases -->
